<?xml version="1.0" encoding="UTF-8"?>
<!-- Generated by org.testng.reporters.JUnitReportReporter -->
<testsuite skipped="0" hostname="Rauwolfias-MacBook-Pro.local" name="cognizant_gitlab.GitlabTest" tests="1" failures="0" timestamp="2022-02-23T19:47:49 EST" time="2.676" errors="0">
  <testcase name="googleSearch" time="2.676" classname="cognizant_gitlab.GitlabTest"/>
  <system-out/>
</testsuite> <!-- cognizant_gitlab.GitlabTest -->
